TN:
SF:eslint.config.mjs
FN:1,(empty-report)
FNF:1
FNH:0
FNDA:0,(empty-report)
DA:1,0
DA:2,0
DA:3,0
DA:4,0
DA:5,0
DA:6,0
DA:7,0
DA:8,0
DA:9,0
DA:10,0
DA:11,0
DA:12,0
DA:13,0
DA:14,0
DA:15,0
DA:16,0
DA:17,0
DA:18,0
DA:19,0
DA:20,0
DA:21,0
DA:22,0
DA:23,0
DA:24,0
DA:25,0
DA:26,0
DA:27,0
DA:28,0
DA:29,0
LF:29
LH:0
BRDA:1,0,0,0
BRF:1
BRH:0
end_of_record
TN:
SF:vitest.config.ts
FN:1,(empty-report)
FNF:1
FNH:0
FNDA:0,(empty-report)
DA:1,0
DA:2,0
DA:3,0
DA:4,0
DA:5,0
DA:6,0
DA:7,0
DA:8,0
DA:9,0
DA:10,0
DA:11,0
DA:12,0
DA:13,0
DA:14,0
DA:15,0
DA:16,0
DA:17,0
DA:18,0
DA:19,0
DA:20,0
LF:20
LH:0
BRDA:1,0,0,0
BRF:1
BRH:0
end_of_record
TN:
SF:src\types.ts
FN:1,(empty-report)
FNF:1
FNH:0
FNDA:0,(empty-report)
DA:1,0
DA:2,0
DA:3,0
DA:4,0
DA:5,0
DA:6,0
DA:7,0
DA:8,0
DA:9,0
DA:10,0
DA:11,0
DA:12,0
DA:13,0
DA:14,0
DA:15,0
DA:16,0
DA:17,0
DA:18,0
DA:19,0
DA:20,0
DA:21,0
DA:22,0
DA:23,0
DA:24,0
DA:25,0
DA:26,0
DA:27,0
DA:28,0
DA:29,0
DA:30,0
DA:31,0
DA:32,0
DA:33,0
DA:34,0
DA:35,0
DA:36,0
DA:37,0
DA:38,0
DA:39,0
LF:39
LH:0
BRDA:1,0,0,0
BRF:1
BRH:0
end_of_record
TN:
SF:src\__tests__\bm25.test.ts
FNF:0
FNH:0
DA:1,1
DA:2,1
DA:4,1
DA:5,1
DA:6,1
DA:7,1
DA:8,1
DA:9,1
DA:10,1
DA:11,1
DA:12,1
DA:13,1
DA:14,1
DA:15,1
LF:14
LH:14
BRDA:4,0,0,1
BRDA:5,1,0,1
BRF:2
BRH:2
end_of_record
TN:
SF:src\__tests__\chunkers.test.ts
FNF:0
FNH:0
DA:1,1
DA:2,1
DA:3,1
DA:5,1
DA:6,1
DA:7,1
DA:8,1
DA:9,1
DA:10,1
DA:11,1
DA:12,1
DA:13,1
DA:15,1
DA:16,1
DA:17,1
DA:18,1
DA:19,1
DA:20,1
DA:21,1
DA:22,1
LF:20
LH:20
BRDA:5,0,0,1
BRDA:6,1,0,1
BRDA:15,2,0,1
BRF:3
BRH:3
end_of_record
TN:
SF:src\__tests__\engine.test.ts
FNF:0
FNH:0
DA:1,1
DA:2,1
DA:3,1
DA:4,1
DA:5,1
DA:6,1
DA:7,1
DA:9,1
DA:10,1
DA:11,1
DA:12,1
DA:13,1
DA:14,1
DA:15,1
DA:16,1
DA:17,1
DA:18,1
DA:20,1
DA:21,1
DA:22,1
DA:23,1
DA:25,1
DA:26,1
DA:27,1
DA:28,1
DA:29,1
LF:26
LH:26
BRDA:9,0,0,1
BRDA:10,1,0,1
BRF:2
BRH:2
end_of_record
TN:
SF:src\__tests__\enrichers.test.ts
FNF:0
FNH:0
DA:1,1
DA:2,1
DA:4,1
DA:5,1
DA:6,1
DA:7,1
DA:8,1
DA:9,1
DA:10,1
DA:11,1
DA:12,1
DA:13,1
DA:14,1
DA:15,1
DA:16,1
LF:15
LH:15
BRDA:4,0,0,1
BRDA:5,1,0,1
BRF:2
BRH:2
end_of_record
TN:
SF:src\__tests__\eval-metrics.test.ts
FNF:0
FNH:0
DA:1,1
DA:2,1
DA:4,1
DA:5,1
DA:7,1
DA:8,1
DA:9,1
DA:10,1
DA:12,1
DA:13,1
DA:14,1
DA:15,1
DA:17,1
DA:18,1
DA:19,1
DA:20,1
DA:22,1
DA:23,1
DA:24,1
DA:25,1
LF:20
LH:20
BRDA:4,0,0,1
BRDA:7,1,0,1
BRDA:12,2,0,1
BRDA:17,3,0,1
BRDA:22,4,0,1
BRF:5
BRH:5
end_of_record
TN:
SF:src\__tests__\htmlChunker.test.ts
FNF:0
FNH:0
DA:1,1
DA:2,1
DA:4,1
DA:5,1
DA:6,1
DA:10,1
DA:11,1
DA:12,1
DA:13,1
DA:14,1
DA:15,1
LF:11
LH:11
BRDA:4,0,0,1
BRDA:5,1,0,1
BRF:2
BRH:2
end_of_record
TN:
SF:src\__tests__\hybrid.test.ts
FNF:0
FNH:0
DA:1,1
DA:2,1
DA:3,1
DA:4,1
DA:5,1
DA:7,1
DA:8,1
DA:9,1
DA:10,1
DA:11,1
DA:14,1
DA:15,1
DA:16,1
DA:17,1
DA:18,1
DA:19,1
DA:20,1
DA:22,1
DA:23,1
DA:24,1
DA:25,1
DA:26,1
DA:27,1
LF:23
LH:23
BRDA:7,0,0,1
BRDA:8,1,0,1
BRDA:19,2,0,2
BRDA:20,3,0,2
BRDA:24,4,0,2
BRF:5
BRH:5
end_of_record
TN:
SF:src\__tests__\hyde.test.ts
FNF:0
FNH:0
DA:1,1
DA:2,1
DA:3,1
DA:4,1
DA:6,1
DA:7,1
DA:8,1
DA:9,1
DA:10,1
DA:11,1
DA:12,1
DA:13,1
DA:14,1
DA:15,1
DA:16,1
DA:17,1
DA:18,1
DA:19,1
DA:20,1
LF:19
LH:19
BRDA:6,0,0,1
BRDA:7,1,0,1
BRF:2
BRH:2
end_of_record
TN:
SF:src\__tests__\mmr.test.ts
FNF:0
FNH:0
DA:1,1
DA:2,1
DA:3,1
DA:5,1
DA:6,1
DA:7,1
DA:8,1
DA:9,1
DA:10,1
DA:11,1
DA:12,1
DA:13,1
DA:14,1
DA:15,1
DA:16,1
DA:17,1
DA:18,1
DA:19,1
LF:18
LH:18
BRDA:5,0,0,1
BRDA:6,1,0,1
BRDA:15,2,0,2
BRF:3
BRH:3
end_of_record
TN:
SF:src\__tests__\queryExpansion.test.ts
FN:10,search
FN:11,getText
FNF:2
FNH:2
FNDA:1,search
FNDA:2,getText
DA:1,1
DA:2,1
DA:4,1
DA:5,1
DA:6,1
DA:7,1
DA:8,1
DA:9,1
DA:10,1
DA:11,1
DA:12,1
DA:13,1
DA:14,1
DA:15,1
DA:16,1
LF:15
LH:15
BRDA:4,0,0,1
BRDA:5,1,0,1
BRDA:10,2,0,1
BRDA:11,3,0,2
BRF:4
BRH:4
end_of_record
TN:
SF:src\__tests__\reranker.test.ts
FNF:0
FNH:0
DA:1,1
DA:2,1
DA:4,1
DA:5,1
DA:6,1
DA:7,1
DA:8,1
DA:9,1
DA:10,1
DA:11,1
DA:12,1
DA:13,1
LF:12
LH:12
BRDA:4,0,0,1
BRDA:5,1,0,1
BRF:2
BRH:2
end_of_record
TN:
SF:src\__tests__\rrf.test.ts
FNF:0
FNH:0
DA:1,1
DA:2,1
DA:4,1
DA:5,1
DA:6,1
DA:7,1
DA:8,1
DA:9,1
DA:10,1
DA:11,1
DA:12,1
LF:11
LH:11
BRDA:4,0,0,1
BRDA:5,1,0,1
BRF:2
BRH:2
end_of_record
TN:
SF:src\__tests__\vector.test.ts
FNF:0
FNH:0
DA:1,1
DA:2,1
DA:4,1
DA:5,1
DA:6,1
DA:7,1
DA:8,1
DA:9,1
DA:10,1
DA:11,1
DA:12,1
DA:13,1
DA:15,1
DA:16,1
DA:17,1
DA:18,1
DA:19,1
DA:20,1
DA:21,1
DA:22,1
DA:23,1
DA:24,1
DA:25,1
LF:23
LH:23
BRDA:4,0,0,1
BRDA:5,1,0,1
BRDA:15,2,0,1
BRF:3
BRH:3
end_of_record
TN:
SF:src\__tests__\vectorSnapshot.test.ts
FNF:0
FNH:0
DA:1,1
DA:2,1
DA:3,1
DA:5,1
DA:6,1
DA:7,1
DA:8,1
DA:9,1
DA:10,1
DA:11,1
DA:12,1
DA:13,1
DA:14,1
DA:15,1
DA:16,1
DA:17,1
DA:18,1
LF:17
LH:17
BRDA:5,0,0,1
BRDA:6,1,0,1
BRF:2
BRH:2
end_of_record
TN:
SF:src\chunkers\htmlChunker.ts
FN:16,<instance_members_initializer>
FN:19,HtmlChunker
FN:24,chunk
FN:29,cleanHtml
FNF:4
FNH:4
FNDA:1,<instance_members_initializer>
FNDA:1,HtmlChunker
FNDA:1,chunk
FNDA:1,cleanHtml
DA:1,1
DA:15,1
DA:16,1
DA:17,1
DA:19,1
DA:20,1
DA:21,1
DA:22,1
DA:24,1
DA:25,1
DA:26,1
DA:27,1
DA:29,1
DA:30,1
DA:31,1
DA:32,1
DA:33,1
DA:34,1
DA:35,1
DA:36,1
DA:38,1
DA:40,1
DA:41,1
DA:42,1
DA:43,1
DA:44,1
DA:45,1
DA:46,1
DA:48,1
DA:49,1
DA:50,1
DA:51,1
LF:32
LH:32
BRDA:16,0,0,1
BRDA:19,1,0,1
BRDA:24,2,0,1
BRDA:29,3,0,1
BRF:4
BRH:4
end_of_record
TN:
SF:src\chunkers\markdownChunker.ts
FN:8,MarkdownChunker
FN:10,chunk
FN:29,splitByHeadings
FNF:3
FNH:3
FNDA:1,MarkdownChunker
FNDA:1,chunk
FNDA:1,splitByHeadings
DA:7,1
DA:8,1
DA:10,1
DA:11,1
DA:12,1
DA:13,1
DA:14,1
DA:15,1
DA:16,2
DA:17,2
DA:18,3
DA:19,3
DA:20,3
DA:21,2
DA:22,1
DA:23,0
DA:24,0
DA:25,1
DA:26,1
DA:27,1
DA:29,1
DA:30,1
DA:31,1
DA:32,1
DA:33,1
DA:34,6
DA:35,1
DA:36,1
DA:37,1
DA:38,6
DA:39,6
DA:40,1
DA:41,1
DA:42,1
LF:34
LH:32
BRDA:8,0,0,1
BRDA:10,1,0,1
BRDA:12,2,0,0
BRDA:15,3,0,2
BRDA:17,4,0,3
BRDA:22,5,0,0
BRDA:29,6,0,1
BRDA:33,7,0,6
BRDA:34,8,0,2
BRDA:34,9,0,1
BRF:10
BRH:8
end_of_record
TN:
SF:src\chunkers\sentenceChunker.ts
FN:1,(empty-report)
FNF:1
FNH:0
FNDA:0,(empty-report)
DA:1,0
DA:2,0
DA:3,0
DA:4,0
DA:5,0
DA:6,0
DA:7,0
DA:8,0
DA:9,0
DA:10,0
DA:11,0
DA:12,0
DA:13,0
DA:14,0
DA:15,0
DA:16,0
DA:17,0
DA:18,0
DA:19,0
DA:20,0
DA:21,0
DA:22,0
DA:23,0
DA:24,0
DA:25,0
DA:26,0
DA:27,0
DA:28,0
DA:29,0
DA:30,0
DA:31,0
DA:32,0
DA:33,0
DA:34,0
DA:35,0
DA:36,0
DA:37,0
DA:38,0
DA:39,0
DA:40,0
DA:41,0
DA:42,0
DA:43,0
DA:44,0
DA:45,0
DA:46,0
DA:47,0
DA:48,0
DA:49,0
DA:50,0
DA:51,0
LF:51
LH:0
BRDA:1,0,0,0
BRF:1
BRH:0
end_of_record
TN:
SF:src\chunkers\tokenChunker.ts
FN:9,<instance_members_initializer>
FN:12,TokenChunker
FN:17,chunk
FN:35,tokenize
FNF:4
FNH:4
FNDA:3,<instance_members_initializer>
FNDA:3,TokenChunker
FNDA:4,chunk
FNDA:4,tokenize
DA:8,1
DA:9,1
DA:10,3
DA:12,1
DA:13,3
DA:14,3
DA:15,3
DA:17,1
DA:18,4
DA:19,4
DA:20,4
DA:21,4
DA:22,4
DA:23,6
DA:24,6
DA:25,6
DA:26,6
DA:27,2
DA:28,2
DA:29,4
DA:30,0
DA:31,0
DA:32,4
DA:33,4
DA:35,1
DA:36,4
DA:37,4
DA:38,4
DA:39,4
DA:40,4
DA:41,4
DA:42,1
LF:32
LH:30
BRDA:9,0,0,3
BRDA:12,1,0,3
BRDA:13,2,0,0
BRDA:14,3,0,0
BRDA:17,4,0,4
BRDA:22,5,0,6
BRDA:26,6,0,4
BRDA:26,7,0,2
BRDA:29,8,0,0
BRDA:35,9,0,4
BRF:10
BRH:7
end_of_record
TN:
SF:src\embeddings\embeddings.ts
FN:1,(empty-report)
FNF:1
FNH:0
FNDA:0,(empty-report)
DA:1,0
DA:2,0
DA:3,0
DA:4,0
LF:4
LH:0
BRDA:1,0,0,0
BRF:1
BRH:0
end_of_record
TN:
SF:src\embeddings\naive.ts
FN:4,NaiveEmbedding
FN:6,embed
FN:10,hashToVector
FNF:3
FNH:3
FNDA:4,NaiveEmbedding
FNDA:8,embed
FNDA:13,hashToVector
DA:3,1
DA:4,1
DA:6,1
DA:7,8
DA:8,8
DA:10,1
DA:11,13
DA:12,13
DA:13,13
DA:14,66
DA:15,66
DA:16,381
DA:17,381
DA:18,381
DA:19,66
DA:20,66
DA:21,66
DA:23,13
DA:24,13
DA:25,13
DA:26,1
LF:21
LH:21
BRDA:4,0,0,4
BRDA:6,1,0,8
BRDA:7,2,0,13
BRDA:10,3,0,13
BRDA:13,4,0,66
BRDA:15,5,0,381
BRDA:23,6,0,0
BRDA:23,7,0,128
BRDA:24,8,0,128
BRF:9
BRH:8
end_of_record
TN:
SF:src\eval\metrics.ts
FN:9,precisionAtK
FN:16,recallAtK
FN:24,mrrAtK
FN:33,macroAverage
FN:38,toSet
FNF:5
FNH:5
FNDA:1,precisionAtK
FNDA:1,recallAtK
FNDA:1,mrrAtK
FNDA:1,macroAverage
FNDA:3,toSet
DA:9,1
DA:10,1
DA:11,1
DA:12,1
DA:13,1
DA:14,1
DA:16,1
DA:17,1
DA:18,1
DA:19,1
DA:20,1
DA:21,1
DA:22,1
DA:24,1
DA:25,1
DA:26,1
DA:27,1
DA:28,2
DA:29,2
DA:30,0
DA:31,0
DA:33,1
DA:34,1
DA:35,1
DA:36,1
DA:38,3
DA:39,3
DA:40,3
DA:41,3
LF:29
LH:27
BRDA:9,0,0,1
BRDA:13,1,0,0
BRDA:12,2,0,2
BRDA:16,3,0,1
BRDA:18,4,0,0
BRDA:20,5,0,2
BRDA:24,6,0,1
BRDA:27,7,0,2
BRDA:28,8,0,1
BRDA:29,9,0,0
BRDA:33,10,0,1
BRDA:34,11,0,0
BRDA:35,12,0,3
BRDA:38,13,0,3
BRDA:39,14,0,0
BRDA:40,15,0,0
BRF:16
BRH:10
end_of_record
TN:
SF:src\persistence\vectorSnapshot.ts
FN:7,snapshot
FN:19,restore
FNF:2
FNH:2
FNDA:1,snapshot
FNDA:1,restore
DA:7,1
DA:10,1
DA:11,1
DA:13,2
DA:14,2
DA:15,1
DA:16,1
DA:17,1
DA:19,1
DA:20,1
DA:21,1
LF:11
LH:11
BRDA:7,0,0,1
BRDA:10,1,0,0
BRDA:11,2,0,2
BRDA:19,3,0,1
BRDA:20,4,0,2
BRF:5
BRH:4
end_of_record
TN:
SF:src\pipeline\engine.ts
FN:16,RAGEngine
FN:18,<instance_members_initializer>
FN:20,ingest
FN:31,retrieve
FNF:4
FNH:4
FNDA:1,RAGEngine
FNDA:1,<instance_members_initializer>
FNDA:1,ingest
FNDA:1,retrieve
DA:1,1
DA:13,1
DA:14,1
DA:16,1
DA:17,1
DA:18,1
DA:20,1
DA:21,1
DA:22,2
DA:23,2
DA:24,2
DA:25,2
DA:26,2
DA:27,2
DA:28,2
DA:29,1
DA:31,1
DA:32,1
DA:33,1
DA:34,1
DA:35,1
DA:36,0
DA:37,1
DA:38,1
LF:24
LH:23
BRDA:16,0,0,1
BRDA:17,1,0,0
BRDA:18,2,0,1
BRDA:20,3,0,1
BRDA:21,4,0,2
BRDA:23,5,0,2
BRDA:25,6,0,2
BRDA:31,7,0,1
BRDA:35,8,0,0
BRF:9
BRH:7
end_of_record
TN:
SF:src\pipeline\enrichers.ts
FN:7,enrichChunks
FN:22,dedupeChunksByHash
FNF:2
FNH:2
FNDA:1,enrichChunks
FNDA:1,dedupeChunksByHash
DA:1,1
DA:7,1
DA:8,1
DA:9,3
DA:10,3
DA:11,3
DA:12,3
DA:13,3
DA:14,3
DA:15,3
DA:16,1
DA:17,1
DA:22,1
DA:23,1
DA:24,1
DA:25,1
DA:26,3
DA:27,3
DA:28,2
DA:29,2
DA:30,2
DA:31,1
DA:32,1
LF:23
LH:23
BRDA:7,0,0,1
BRDA:8,1,0,3
BRDA:22,2,0,1
BRDA:25,3,0,3
BRDA:26,4,0,0
BRDA:27,5,0,1
BRDA:27,6,0,2
BRF:7
BRH:6
end_of_record
TN:
SF:src\rerankers\mmrReranker.ts
FN:8,MMRReranker
FN:10,rerank
FN:44,cosine
FNF:3
FNH:3
FNDA:1,MMRReranker
FNDA:1,rerank
FNDA:7,cosine
DA:7,1
DA:8,1
DA:10,1
DA:11,1
DA:12,1
DA:13,1
DA:14,1
DA:15,1
DA:17,1
DA:18,2
DA:19,2
DA:21,2
DA:22,5
DA:23,5
DA:24,5
DA:25,2
DA:26,2
DA:27,2
DA:28,5
DA:29,5
DA:30,2
DA:31,2
DA:32,2
DA:33,5
DA:34,2
DA:35,2
DA:36,2
DA:37,2
DA:38,2
DA:40,1
DA:41,1
DA:42,1
DA:44,7
DA:45,7
DA:46,7
DA:47,7
DA:48,7
DA:49,7
DA:50,56
DA:51,56
DA:52,56
DA:53,56
DA:54,7
DA:55,7
DA:56,7
LF:45
LH:45
BRDA:8,0,0,1
BRDA:10,1,0,1
BRDA:11,2,0,0
BRDA:17,3,0,2
BRDA:17,4,0,2
BRDA:21,5,0,5
BRDA:24,6,0,2
BRDA:26,7,0,1
BRDA:29,8,0,2
BRDA:37,9,0,0
BRDA:12,10,0,3
BRDA:12,11,0,0
BRDA:15,12,0,3
BRDA:40,13,0,2
BRDA:44,14,0,7
BRDA:49,15,0,56
BRDA:55,16,0,0
BRF:17
BRH:13
end_of_record
TN:
SF:src\rerankers\simpleReranker.ts
FN:8,SimpleReranker
FN:9,rerank
FNF:2
FNH:2
FNDA:2,SimpleReranker
FNDA:2,rerank
DA:7,1
DA:8,1
DA:9,1
DA:10,2
DA:11,2
DA:12,4
DA:13,4
DA:14,2
DA:15,2
DA:16,2
DA:17,2
DA:18,1
LF:12
LH:12
BRDA:8,0,0,2
BRDA:9,1,0,2
BRDA:10,2,0,0
BRDA:11,3,0,4
BRDA:12,4,0,0
BRDA:15,5,0,2
BRF:6
BRH:4
end_of_record
TN:
SF:src\retrieval\hybridRetriever.ts
FN:11,HybridRetriever
FN:18,<instance_members_initializer>
FN:20,query
FN:49,normalize
FNF:4
FNH:4
FNDA:2,HybridRetriever
FNDA:2,<instance_members_initializer>
FNDA:2,query
FNDA:4,normalize
DA:8,1
DA:9,1
DA:11,1
DA:12,2
DA:13,2
DA:14,2
DA:15,2
DA:16,2
DA:17,2
DA:18,2
DA:20,1
DA:21,2
DA:22,2
DA:23,2
DA:25,2
DA:26,2
DA:28,2
DA:29,2
DA:30,2
DA:31,2
DA:32,2
DA:33,2
DA:35,2
DA:36,2
DA:37,2
DA:40,2
DA:41,2
DA:42,4
DA:43,4
DA:44,4
DA:45,2
DA:46,2
DA:47,1
DA:49,4
DA:50,4
DA:51,4
DA:52,4
DA:53,4
DA:54,6
DA:55,6
DA:56,6
DA:57,4
DA:58,2
DA:59,2
LF:44
LH:44
BRDA:11,0,0,2
BRDA:17,1,0,0
BRDA:18,2,0,2
BRDA:20,3,0,2
BRDA:29,4,0,4
BRDA:31,5,0,0
BRDA:25,6,0,4
BRDA:36,7,0,2
BRDA:41,8,0,4
BRDA:44,9,0,0
BRDA:49,10,0,4
BRDA:50,11,0,0
BRDA:53,12,0,6
BRDA:55,13,0,4
BRDA:57,14,0,2
BRDA:57,15,0,2
BRDA:58,16,0,4
BRF:17
BRH:13
end_of_record
TN:
SF:src\retrieval\hyde.ts
FN:9,generateHypotheticalAnswer
FN:17,hydeQuery
FNF:2
FNH:2
FNDA:1,generateHypotheticalAnswer
FNDA:1,hydeQuery
DA:8,1
DA:9,1
DA:10,1
DA:11,1
DA:12,1
DA:17,1
DA:18,1
DA:19,1
DA:20,1
DA:21,1
DA:22,1
DA:23,1
DA:24,1
DA:25,1
DA:26,1
DA:27,1
DA:28,1
LF:17
LH:17
BRDA:9,0,0,1
BRDA:17,1,0,1
BRF:2
BRH:2
end_of_record
TN:
SF:src\retrieval\queryExpansion.ts
FN:16,expandQueryPRF
FN:44,tokenize
FNF:2
FNH:2
FNDA:1,expandQueryPRF
FNDA:3,tokenize
DA:1,1
DA:16,1
DA:17,1
DA:18,1
DA:19,1
DA:20,1
DA:21,1
DA:22,1
DA:23,1
DA:24,1
DA:26,1
DA:27,1
DA:28,1
DA:29,2
DA:30,2
DA:31,12
DA:32,12
DA:33,12
DA:34,2
DA:35,1
DA:36,1
DA:37,1
DA:38,1
DA:40,1
DA:41,1
DA:42,1
DA:44,3
DA:45,3
DA:46,3
LF:29
LH:29
BRDA:16,0,0,1
BRDA:22,1,0,0
BRDA:23,2,0,0
BRDA:28,3,0,2
BRDA:29,4,0,0
BRDA:30,5,0,12
BRDA:31,6,0,1
BRDA:31,7,0,11
BRDA:41,8,0,0
BRDA:36,9,0,10
BRDA:38,10,0,2
BRDA:44,11,0,3
BRF:12
BRH:8
end_of_record
TN:
SF:src\sparse\bm25.ts
FN:10,<instance_members_initializer>
FN:15,add
FN:35,search
FN:56,tokenize
FNF:4
FNH:4
FNDA:3,<instance_members_initializer>
FNDA:4,add
FNDA:3,search
FNDA:9,tokenize
DA:5,1
DA:6,1
DA:7,1
DA:9,1
DA:10,1
DA:11,3
DA:12,3
DA:13,3
DA:15,1
DA:16,4
DA:17,6
DA:18,6
DA:19,6
DA:20,6
DA:21,6
DA:22,6
DA:23,6
DA:24,26
DA:25,26
DA:26,26
DA:27,26
DA:28,6
DA:30,4
DA:31,4
DA:32,4
DA:33,4
DA:35,1
DA:36,3
DA:37,3
DA:38,3
DA:39,3
DA:40,3
DA:41,6
DA:42,6
DA:43,6
DA:44,6
DA:45,6
DA:46,6
DA:47,6
DA:48,6
DA:49,6
DA:50,3
DA:51,3
DA:52,3
DA:53,3
DA:54,1
DA:56,9
DA:57,9
DA:58,9
DA:59,9
DA:60,9
DA:61,9
DA:62,9
LF:53
LH:53
BRDA:10,0,0,3
BRDA:15,1,0,4
BRDA:16,2,0,6
BRDA:22,3,0,26
BRDA:23,4,0,26
BRDA:24,5,0,25
BRDA:31,6,0,7
BRDA:32,7,0,0
BRDA:35,8,0,3
BRDA:40,9,0,6
BRDA:42,10,0,0
BRDA:46,11,0,0
BRDA:47,12,0,3
BRDA:50,13,0,3
BRDA:56,14,0,9
BRDA:61,15,0,36
BRF:16
BRH:13
end_of_record
TN:
SF:src\sparse\rrf.ts
FN:5,rrfFuse
FNF:1
FNH:1
FNDA:1,rrfFuse
DA:5,1
DA:6,1
DA:7,1
DA:8,1
DA:9,1
DA:10,1
DA:11,1
DA:12,2
DA:13,6
DA:14,6
DA:15,6
DA:16,6
DA:17,6
DA:18,2
DA:19,1
DA:20,1
DA:21,1
DA:22,1
LF:18
LH:18
BRDA:5,0,0,1
BRDA:11,1,0,2
BRDA:12,2,0,6
BRDA:16,3,0,4
BRDA:19,4,0,4
BRDA:20,5,0,6
BRF:6
BRH:6
end_of_record
TN:
SF:src\util\hash.ts
FN:4,hashText
FNF:1
FNH:1
FNDA:3,hashText
DA:4,1
DA:5,3
DA:6,3
DA:7,19
DA:8,19
DA:9,19
DA:10,19
DA:11,3
DA:12,3
LF:9
LH:9
BRDA:4,0,0,3
BRDA:6,1,0,19
BRF:2
BRH:2
end_of_record
TN:
SF:src\util\stopwords.ts
FNF:0
FNH:0
DA:1,1
DA:2,1
DA:3,1
DA:4,1
DA:5,1
LF:5
LH:5
BRF:0
BRH:0
end_of_record
TN:
SF:src\vector\inMemory.ts
FN:6,<instance_members_initializer>
FN:8,upsert
FN:14,query
FN:25,getText
FN:30,cosine
FN:44,matchesFilter
FNF:6
FNH:6
FNDA:7,<instance_members_initializer>
FNDA:8,upsert
FNDA:6,query
FNDA:4,getText
FNDA:11,cosine
FNDA:2,matchesFilter
DA:5,1
DA:6,1
DA:8,1
DA:9,8
DA:10,14
DA:11,14
DA:12,8
DA:14,1
DA:15,6
DA:16,6
DA:17,12
DA:18,11
DA:19,11
DA:20,11
DA:21,6
DA:22,6
DA:23,6
DA:25,1
DA:26,4
DA:27,4
DA:28,1
DA:30,11
DA:31,11
DA:32,11
DA:33,11
DA:34,11
DA:35,11
DA:36,74
DA:37,74
DA:38,74
DA:39,74
DA:40,11
DA:41,11
DA:42,11
DA:44,2
DA:45,2
DA:46,2
DA:47,2
DA:48,2
DA:49,2
DA:50,1
DA:51,1
LF:42
LH:42
BRDA:6,0,0,7
BRDA:8,1,0,8
BRDA:9,2,0,14
BRDA:14,3,0,6
BRDA:16,4,0,12
BRDA:17,5,0,2
BRDA:17,6,0,1
BRDA:17,7,0,11
BRDA:21,8,0,5
BRDA:25,9,0,4
BRDA:30,10,0,11
BRDA:35,11,0,74
BRDA:41,12,0,0
BRDA:44,13,0,2
BRDA:45,14,0,0
BRDA:46,15,0,0
BRDA:48,16,0,1
BRDA:49,17,0,1
BRF:18
BRH:15
end_of_record
